{"C:\\Users\\Pro Guy\\Desktop\\microverse\\ikoote-projects\\IMPORTANT FILES AND TOOLS\\to-do-list\\src\\modules\\crud.js": {"path":"C:\\Users\\Pro Guy\\Desktop\\microverse\\ikoote-projects\\IMPORTANT FILES AND TOOLS\\to-do-list\\src\\modules\\crud.js","statementMap":{"0":{"start":{"line":7,"column":4},"end":{"line":7,"column":22}},"1":{"start":{"line":8,"column":4},"end":{"line":8,"column":31}},"2":{"start":{"line":12,"column":4},"end":{"line":12,"column":46}},"3":{"start":{"line":16,"column":4},"end":{"line":16,"column":24}},"4":{"start":{"line":17,"column":4},"end":{"line":19,"column":7}},"5":{"start":{"line":18,"column":6},"end":{"line":18,"column":23}},"6":{"start":{"line":23,"column":20},"end":{"line":23,"column":66}},"7":{"start":{"line":24,"column":4},"end":{"line":24,"column":24}},"8":{"start":{"line":25,"column":4},"end":{"line":25,"column":31}},"9":{"start":{"line":26,"column":4},"end":{"line":26,"column":28}},"10":{"start":{"line":30,"column":4},"end":{"line":30,"column":53}},"11":{"start":{"line":31,"column":4},"end":{"line":31,"column":28}},"12":{"start":{"line":35,"column":4},"end":{"line":35,"column":34}},"13":{"start":{"line":36,"column":4},"end":{"line":36,"column":23}},"14":{"start":{"line":38,"column":4},"end":{"line":38,"column":24}},"15":{"start":{"line":42,"column":4},"end":{"line":44,"column":7}},"16":{"start":{"line":43,"column":6},"end":{"line":43,"column":29}},"17":{"start":{"line":45,"column":4},"end":{"line":45,"column":28}},"18":{"start":{"line":49,"column":4},"end":{"line":54,"column":5}},"19":{"start":{"line":50,"column":6},"end":{"line":50,"column":48}},"20":{"start":{"line":51,"column":6},"end":{"line":51,"column":48}},"21":{"start":{"line":53,"column":6},"end":{"line":53,"column":48}},"22":{"start":{"line":55,"column":4},"end":{"line":55,"column":24}},"23":{"start":{"line":59,"column":4},"end":{"line":59,"column":42}},"24":{"start":{"line":60,"column":4},"end":{"line":60,"column":28}},"25":{"start":{"line":64,"column":4},"end":{"line":64,"column":72}},"26":{"start":{"line":64,"column":52},"end":{"line":64,"column":70}},"27":{"start":{"line":65,"column":4},"end":{"line":65,"column":23}},"28":{"start":{"line":67,"column":4},"end":{"line":67,"column":24}}},"fnMap":{"0":{"name":"(anonymous_0)","decl":{"start":{"line":6,"column":2},"end":{"line":6,"column":3}},"loc":{"start":{"line":6,"column":16},"end":{"line":9,"column":3}},"line":6},"1":{"name":"(anonymous_1)","decl":{"start":{"line":11,"column":2},"end":{"line":11,"column":3}},"loc":{"start":{"line":11,"column":21},"end":{"line":13,"column":3}},"line":11},"2":{"name":"(anonymous_2)","decl":{"start":{"line":15,"column":2},"end":{"line":15,"column":3}},"loc":{"start":{"line":15,"column":17},"end":{"line":20,"column":3}},"line":15},"3":{"name":"(anonymous_3)","decl":{"start":{"line":17,"column":25},"end":{"line":17,"column":26}},"loc":{"start":{"line":17,"column":35},"end":{"line":19,"column":5}},"line":17},"4":{"name":"(anonymous_4)","decl":{"start":{"line":22,"column":2},"end":{"line":22,"column":3}},"loc":{"start":{"line":22,"column":23},"end":{"line":27,"column":3}},"line":22},"5":{"name":"(anonymous_5)","decl":{"start":{"line":29,"column":2},"end":{"line":29,"column":3}},"loc":{"start":{"line":29,"column":36},"end":{"line":32,"column":3}},"line":29},"6":{"name":"(anonymous_6)","decl":{"start":{"line":34,"column":2},"end":{"line":34,"column":3}},"loc":{"start":{"line":34,"column":20},"end":{"line":39,"column":3}},"line":34},"7":{"name":"(anonymous_7)","decl":{"start":{"line":41,"column":2},"end":{"line":41,"column":3}},"loc":{"start":{"line":41,"column":16},"end":{"line":46,"column":3}},"line":41},"8":{"name":"(anonymous_8)","decl":{"start":{"line":42,"column":25},"end":{"line":42,"column":26}},"loc":{"start":{"line":42,"column":42},"end":{"line":44,"column":5}},"line":42},"9":{"name":"(anonymous_9)","decl":{"start":{"line":48,"column":2},"end":{"line":48,"column":3}},"loc":{"start":{"line":48,"column":16},"end":{"line":56,"column":3}},"line":48},"10":{"name":"(anonymous_10)","decl":{"start":{"line":58,"column":2},"end":{"line":58,"column":3}},"loc":{"start":{"line":58,"column":29},"end":{"line":61,"column":3}},"line":58},"11":{"name":"(anonymous_11)","decl":{"start":{"line":63,"column":2},"end":{"line":63,"column":3}},"loc":{"start":{"line":63,"column":18},"end":{"line":68,"column":3}},"line":63},"12":{"name":"(anonymous_12)","decl":{"start":{"line":64,"column":39},"end":{"line":64,"column":40}},"loc":{"start":{"line":64,"column":52},"end":{"line":64,"column":70}},"line":64}},"branchMap":{"0":{"loc":{"start":{"line":49,"column":4},"end":{"line":54,"column":5}},"type":"if","locations":[{"start":{"line":49,"column":4},"end":{"line":54,"column":5}},{"start":{"line":52,"column":11},"end":{"line":54,"column":5}}],"line":49}},"s":{"0":5,"1":5,"2":14,"3":3,"4":3,"5":3,"6":8,"7":8,"8":8,"9":8,"10":1,"11":1,"12":1,"13":1,"14":1,"15":2,"16":2,"17":2,"18":0,"19":0,"20":0,"21":0,"22":0,"23":3,"24":3,"25":1,"26":3,"27":1,"28":1},"f":{"0":5,"1":14,"2":3,"3":3,"4":8,"5":1,"6":1,"7":2,"8":2,"9":0,"10":3,"11":1,"12":3},"b":{"0":[0,0]},"_coverageSchema":"1a1c01bbd47fc00a2c39e90264f33305004495a9","hash":"aa13bf9d1f80c800502342d5d2e417873063ba99"}
,"C:\\Users\\Pro Guy\\Desktop\\microverse\\ikoote-projects\\IMPORTANT FILES AND TOOLS\\to-do-list\\src\\modules\\render.js": {"path":"C:\\Users\\Pro Guy\\Desktop\\microverse\\ikoote-projects\\IMPORTANT FILES AND TOOLS\\to-do-list\\src\\modules\\render.js","statementMap":{"0":{"start":{"line":1,"column":17},"end":{"line":1,"column":48}},"1":{"start":{"line":3,"column":19},"end":{"line":3,"column":50}},"2":{"start":{"line":5,"column":2},"end":{"line":7,"column":3}},"3":{"start":{"line":6,"column":4},"end":{"line":6,"column":28}},"4":{"start":{"line":8,"column":24},"end":{"line":8,"column":26}},"5":{"start":{"line":9,"column":23},"end":{"line":9,"column":25}},"6":{"start":{"line":10,"column":2},"end":{"line":13,"column":3}},"7":{"start":{"line":11,"column":4},"end":{"line":11,"column":34}},"8":{"start":{"line":12,"column":4},"end":{"line":12,"column":31}},"9":{"start":{"line":14,"column":2},"end":{"line":27,"column":3}},"10":{"start":{"line":15,"column":4},"end":{"line":26,"column":4}}},"fnMap":{"0":{"name":"renderList","decl":{"start":{"line":2,"column":9},"end":{"line":2,"column":19}},"loc":{"start":{"line":2,"column":42},"end":{"line":28,"column":1}},"line":2}},"branchMap":{"0":{"loc":{"start":{"line":2,"column":26},"end":{"line":2,"column":40}},"type":"default-arg","locations":[{"start":{"line":2,"column":35},"end":{"line":2,"column":40}}],"line":2},"1":{"loc":{"start":{"line":5,"column":2},"end":{"line":7,"column":3}},"type":"if","locations":[{"start":{"line":5,"column":2},"end":{"line":7,"column":3}},{"start":{},"end":{}}],"line":5},"2":{"loc":{"start":{"line":10,"column":2},"end":{"line":13,"column":3}},"type":"if","locations":[{"start":{"line":10,"column":2},"end":{"line":13,"column":3}},{"start":{},"end":{}}],"line":10},"3":{"loc":{"start":{"line":14,"column":2},"end":{"line":27,"column":3}},"type":"if","locations":[{"start":{"line":14,"column":2},"end":{"line":27,"column":3}},{"start":{},"end":{}}],"line":14}},"s":{"0":4,"1":14,"2":14,"3":3,"4":14,"5":14,"6":14,"7":1,"8":1,"9":14,"10":11},"f":{"0":14},"b":{"0":[11],"1":[3,11],"2":[1,13],"3":[11,3]},"_coverageSchema":"1a1c01bbd47fc00a2c39e90264f33305004495a9","hash":"50cf03953d0f3028e01f6d949d28999d9b0e9cd6"}
,"C:\\Users\\Pro Guy\\Desktop\\microverse\\ikoote-projects\\IMPORTANT FILES AND TOOLS\\to-do-list\\src\\modules\\storage.js": {"path":"C:\\Users\\Pro Guy\\Desktop\\microverse\\ikoote-projects\\IMPORTANT FILES AND TOOLS\\to-do-list\\src\\modules\\storage.js","statementMap":{"0":{"start":{"line":2,"column":18},"end":{"line":5,"column":3}},"1":{"start":{"line":3,"column":20},"end":{"line":3,"column":63}},"2":{"start":{"line":4,"column":4},"end":{"line":4,"column":19}},"3":{"start":{"line":7,"column":21},"end":{"line":9,"column":3}},"4":{"start":{"line":8,"column":4},"end":{"line":8,"column":61}}},"fnMap":{"0":{"name":"(anonymous_0)","decl":{"start":{"line":2,"column":18},"end":{"line":2,"column":19}},"loc":{"start":{"line":2,"column":24},"end":{"line":5,"column":3}},"line":2},"1":{"name":"(anonymous_1)","decl":{"start":{"line":7,"column":21},"end":{"line":7,"column":22}},"loc":{"start":{"line":7,"column":34},"end":{"line":9,"column":3}},"line":7}},"branchMap":{},"s":{"0":5,"1":0,"2":0,"3":5,"4":14},"f":{"0":0,"1":14},"b":{},"_coverageSchema":"1a1c01bbd47fc00a2c39e90264f33305004495a9","hash":"5f46f45c43090b60d9adfd5219e45076c5b8e15b"}
,"C:\\Users\\Pro Guy\\Desktop\\microverse\\ikoote-projects\\IMPORTANT FILES AND TOOLS\\to-do-list\\src\\modules\\task.js": {"path":"C:\\Users\\Pro Guy\\Desktop\\microverse\\ikoote-projects\\IMPORTANT FILES AND TOOLS\\to-do-list\\src\\modules\\task.js","statementMap":{"0":{"start":{"line":3,"column":4},"end":{"line":3,"column":35}},"1":{"start":{"line":4,"column":4},"end":{"line":4,"column":23}},"2":{"start":{"line":5,"column":4},"end":{"line":5,"column":31}}},"fnMap":{"0":{"name":"(anonymous_0)","decl":{"start":{"line":2,"column":2},"end":{"line":2,"column":3}},"loc":{"start":{"line":2,"column":53},"end":{"line":6,"column":3}},"line":2}},"branchMap":{"0":{"loc":{"start":{"line":2,"column":34},"end":{"line":2,"column":51}},"type":"default-arg","locations":[{"start":{"line":2,"column":46},"end":{"line":2,"column":51}}],"line":2}},"s":{"0":8,"1":8,"2":8},"f":{"0":8},"b":{"0":[8]},"_coverageSchema":"1a1c01bbd47fc00a2c39e90264f33305004495a9","hash":"e02db6c8585393c9baf088b6ab9e48629a4d1bfa"}
}
