TN:
SF:src/modules/crud.js
FN:6,(anonymous_0)
FN:11,(anonymous_1)
FN:15,(anonymous_2)
FN:17,(anonymous_3)
FN:22,(anonymous_4)
FN:29,(anonymous_5)
FN:34,(anonymous_6)
FN:41,(anonymous_7)
FN:42,(anonymous_8)
FN:48,(anonymous_9)
FN:58,(anonymous_10)
FN:63,(anonymous_11)
FN:64,(anonymous_12)
FNF:13
FNH:3
FNDA:1,(anonymous_0)
FNDA:1,(anonymous_1)
FNDA:0,(anonymous_2)
FNDA:0,(anonymous_3)
FNDA:1,(anonymous_4)
FNDA:0,(anonymous_5)
FNDA:0,(anonymous_6)
FNDA:0,(anonymous_7)
FNDA:0,(anonymous_8)
FNDA:0,(anonymous_9)
FNDA:0,(anonymous_10)
FNDA:0,(anonymous_11)
FNDA:0,(anonymous_12)
DA:7,1
DA:8,1
DA:12,1
DA:16,0
DA:17,0
DA:18,0
DA:23,1
DA:24,1
DA:25,1
DA:26,1
DA:30,0
DA:31,0
DA:35,0
DA:36,0
DA:38,0
DA:42,0
DA:43,0
DA:45,0
DA:49,0
DA:50,0
DA:51,0
DA:53,0
DA:55,0
DA:59,0
DA:60,0
DA:64,0
DA:65,0
DA:67,0
LF:28
LH:7
BRDA:49,0,0,0
BRDA:49,0,1,0
BRF:2
BRH:0
end_of_record
TN:
SF:src/modules/render.js
FN:2,renderList
FNF:1
FNH:1
FNDA:1,renderList
DA:1,1
DA:3,1
DA:5,1
DA:6,0
DA:8,1
DA:9,1
DA:10,1
DA:11,0
DA:12,0
DA:14,1
LF:10
LH:7
BRDA:2,0,0,1
BRDA:5,1,0,0
BRDA:5,1,1,1
BRDA:10,2,0,0
BRDA:10,2,1,1
BRF:5
BRH:3
end_of_record
TN:
SF:src/modules/storage.js
FN:2,(anonymous_0)
FN:7,(anonymous_1)
FNF:2
FNH:1
FNDA:0,(anonymous_0)
FNDA:1,(anonymous_1)
DA:2,1
DA:3,0
DA:4,0
DA:7,1
DA:8,1
LF:5
LH:3
BRF:0
BRH:0
end_of_record
TN:
SF:src/modules/task.js
FN:2,(anonymous_0)
FNF:1
FNH:1
FNDA:1,(anonymous_0)
DA:3,1
DA:4,1
DA:5,1
LF:3
LH:3
BRDA:2,0,0,1
BRF:1
BRH:1
end_of_record
