TN:
SF:src\modules\crud.js
FN:6,(anonymous_0)
FN:11,(anonymous_1)
FN:15,(anonymous_2)
FN:17,(anonymous_3)
FN:22,(anonymous_4)
FN:29,(anonymous_5)
FN:34,(anonymous_6)
FN:41,(anonymous_7)
FN:42,(anonymous_8)
FN:48,(anonymous_9)
FN:58,(anonymous_10)
FN:63,(anonymous_11)
FN:64,(anonymous_12)
FNF:13
FNH:12
FNDA:5,(anonymous_0)
FNDA:14,(anonymous_1)
FNDA:3,(anonymous_2)
FNDA:3,(anonymous_3)
FNDA:8,(anonymous_4)
FNDA:1,(anonymous_5)
FNDA:1,(anonymous_6)
FNDA:2,(anonymous_7)
FNDA:2,(anonymous_8)
FNDA:0,(anonymous_9)
FNDA:3,(anonymous_10)
FNDA:1,(anonymous_11)
FNDA:3,(anonymous_12)
DA:7,5
DA:8,5
DA:12,14
DA:16,3
DA:17,3
DA:18,3
DA:23,8
DA:24,8
DA:25,8
DA:26,8
DA:30,1
DA:31,1
DA:35,1
DA:36,1
DA:38,1
DA:42,2
DA:43,2
DA:45,2
DA:49,0
DA:50,0
DA:51,0
DA:53,0
DA:55,0
DA:59,3
DA:60,3
DA:64,3
DA:65,1
DA:67,1
LF:28
LH:23
BRDA:49,0,0,0
BRDA:49,0,1,0
BRF:2
BRH:0
end_of_record
TN:
SF:src\modules\render.js
FN:2,renderList
FNF:1
FNH:1
FNDA:14,renderList
DA:1,4
DA:3,14
DA:5,14
DA:6,3
DA:8,14
DA:9,14
DA:10,14
DA:11,1
DA:12,1
DA:14,14
DA:15,11
LF:11
LH:11
BRDA:2,0,0,11
BRDA:5,1,0,3
BRDA:5,1,1,11
BRDA:10,2,0,1
BRDA:10,2,1,13
BRDA:14,3,0,11
BRDA:14,3,1,3
BRF:7
BRH:7
end_of_record
TN:
SF:src\modules\storage.js
FN:2,(anonymous_0)
FN:7,(anonymous_1)
FNF:2
FNH:1
FNDA:0,(anonymous_0)
FNDA:14,(anonymous_1)
DA:2,5
DA:3,0
DA:4,0
DA:7,5
DA:8,14
LF:5
LH:3
BRF:0
BRH:0
end_of_record
TN:
SF:src\modules\task.js
FN:2,(anonymous_0)
FNF:1
FNH:1
FNDA:8,(anonymous_0)
DA:3,8
DA:4,8
DA:5,8
LF:3
LH:3
BRDA:2,0,0,8
BRF:1
BRH:1
end_of_record
